[10-12-2022-12-47-PM][Main] Logging started
[10-12-2022-12-47-PM][Main] ProcessorID: 8
[10-12-2022-12-47-PM][Discord Thread] Discord Thread started
[10-12-2022-12-47-PM][Music Thread] music thread started
[10-12-2022-12-47-PM][Discord Thread] Updated status
[10-12-2022-12-47-PM][Discord Thread] Updated status
[10-12-2022-12-48-PM][Discord Thread] Updated status
[10-12-2022-12-48-PM][Discord Thread] Updated status
[10-12-2022-12-48-PM][Discord Thread] Updated status
[10-12-2022-12-48-PM][Discord Thread] Updated status
[10-12-2022-12-48-PM][Discord Thread] Updated status
[10-12-2022-12-48-PM][Discord Thread] Updated status
[10-12-2022-12-48-PM][Discord Thread] Updated status
[10-12-2022-12-48-PM][Discord Thread] Updated status
[10-12-2022-12-48-PM][Discord Thread] Updated status
[10-12-2022-12-48-PM][Discord Thread] Updated status
[10-12-2022-12-48-PM][Discord Thread] Updated status
[10-12-2022-12-48-PM][Discord Thread] Updated status
[10-12-2022-12-48-PM][Discord Thread] Updated status
[10-12-2022-12-48-PM][Discord Thread] Updated status
[10-12-2022-12-48-PM][Discord Thread] Updated status
[10-12-2022-12-49-PM][Discord Thread] Updated status
[10-12-2022-12-49-PM][Discord Thread] Updated status
[10-12-2022-12-49-PM][Discord Thread] Updated status
[10-12-2022-12-49-PM][Discord Thread] Updated status
[10-12-2022-12-49-PM][Discord Thread] Updated status
[10-12-2022-12-49-PM][Discord Thread] Updated status
[10-12-2022-12-49-PM][Discord Thread] Updated status
[10-12-2022-12-49-PM][Discord Thread] Updated status
[10-12-2022-12-49-PM][Discord Thread] Updated status
[10-12-2022-12-49-PM][Discord Thread] Updated status
[10-12-2022-12-49-PM][Discord Thread] Updated status
[10-12-2022-12-49-PM][Discord Thread] Updated status
[10-12-2022-12-49-PM][Discord Thread] Updated status
[10-12-2022-12-49-PM][Discord Thread] Updated status
[10-12-2022-12-49-PM][Discord Thread] Updated status
[10-12-2022-12-50-PM][Discord Thread] Updated status
[10-12-2022-12-50-PM][Discord Thread] Updated status
[10-12-2022-12-50-PM][Discord Thread] Updated status
[10-12-2022-12-50-PM][Discord Thread] Updated status
[10-12-2022-12-50-PM][Discord Thread] Updated status
[10-12-2022-12-50-PM][Discord Thread] Updated status
[10-12-2022-12-50-PM][Discord Thread] Updated status
[10-12-2022-12-50-PM][Discord Thread] Updated status
[10-12-2022-12-50-PM][Discord Thread] Updated status
[10-12-2022-12-50-PM][Discord Thread] Updated status
[10-12-2022-12-50-PM][Discord Thread] Updated status
[10-12-2022-12-50-PM][Discord Thread] Updated status
[10-12-2022-12-50-PM][Discord Thread] Updated status
[10-12-2022-12-50-PM][Discord Thread] Updated status
[10-12-2022-12-50-PM][Discord Thread] Updated status
[10-12-2022-12-51-PM][Discord Thread] Updated status
[10-12-2022-12-51-PM][Discord Thread] Updated status
[10-12-2022-12-51-PM][Discord Thread] Updated status
[10-12-2022-12-51-PM][Discord Thread] Updated status
[10-12-2022-12-51-PM][Discord Thread] Updated status
[10-12-2022-12-51-PM][Discord Thread] Updated status
[10-12-2022-12-51-PM][Discord Thread] Updated status
[10-12-2022-12-51-PM][Discord Thread] Updated status
[10-12-2022-12-51-PM][Discord Thread] Updated status
